<?xml version="1.0" encoding="UTF-8"?>
<!-- Generated by org.testng.reporters.JUnitReportReporter -->
<testsuite hostname="TestingWorld-PC" name="com.hcl.testcases.TC_001_Login_Valid_Credentials" tests="1" failures="0" timestamp="13 Jan 2018 05:57:47 GMT" time="12.978" errors="0">
  <testcase name="tc_001" time="12.978" classname="com.hcl.testcases.TC_001_Login_Valid_Credentials"/>
</testsuite> <!-- com.hcl.testcases.TC_001_Login_Valid_Credentials -->
